{"C:\\Users\\DELL\\Desktop\\ztoproject\\plugin\\src\\filters\\desensitization.ts": {"path":"C:\\Users\\DELL\\Desktop\\ztoproject\\plugin\\src\\filters\\desensitization.ts","statementMap":{"0":{"start":{"line":1,"column":0},"end":{"line":1,"column":64}},"1":{"start":{"line":2,"column":0},"end":{"line":2,"column":43}},"2":{"start":{"line":5,"column":2},"end":{"line":11,"column":null}},"3":{"start":{"line":6,"column":4},"end":{"line":6,"column":null}},"4":{"start":{"line":7,"column":9},"end":{"line":11,"column":null}},"5":{"start":{"line":8,"column":4},"end":{"line":8,"column":null}},"6":{"start":{"line":10,"column":4},"end":{"line":10,"column":null}},"7":{"start":{"line":4,"column":0},"end":{"line":4,"column":16}}},"fnMap":{"0":{"name":"desensitization","decl":{"start":{"line":4,"column":16},"end":{"line":4,"column":31}},"loc":{"start":{"line":4,"column":46},"end":{"line":12,"column":1}}}},"branchMap":{"0":{"loc":{"start":{"line":5,"column":2},"end":{"line":11,"column":null}},"type":"if","locations":[{"start":{"line":5,"column":2},"end":{"line":11,"column":null}},{"start":{"line":5,"column":2},"end":{"line":11,"column":null}}]},"1":{"loc":{"start":{"line":7,"column":9},"end":{"line":11,"column":null}},"type":"if","locations":[{"start":{"line":7,"column":9},"end":{"line":11,"column":null}},{"start":{"line":7,"column":9},"end":{"line":11,"column":null}}]}},"s":{"0":1,"1":1,"2":2,"3":1,"4":1,"5":1,"6":0,"7":1},"f":{"0":2},"b":{"0":[1,1],"1":[1,0]}}
,"C:\\Users\\DELL\\Desktop\\ztoproject\\plugin\\src\\filters\\index.ts": {"path":"C:\\Users\\DELL\\Desktop\\ztoproject\\plugin\\src\\filters\\index.ts","statementMap":{"0":{"start":{"line":2,"column":0},"end":{"line":2,"column":9}},"1":{"start":{"line":2,"column":9},"end":{"line":2,"column":39}},"2":{"start":{"line":3,"column":0},"end":{"line":3,"column":9}},"3":{"start":{"line":3,"column":9},"end":{"line":3,"column":39}},"4":{"start":{"line":4,"column":0},"end":{"line":4,"column":9}},"5":{"start":{"line":4,"column":9},"end":{"line":4,"column":37}},"6":{"start":{"line":5,"column":0},"end":{"line":5,"column":9}},"7":{"start":{"line":5,"column":9},"end":{"line":5,"column":35}},"8":{"start":{"line":6,"column":0},"end":{"line":6,"column":9}},"9":{"start":{"line":6,"column":9},"end":{"line":6,"column":51}}},"fnMap":{"0":{"name":"(anonymous_0)","decl":{"start":{"line":2,"column":9},"end":{"line":2,"column":18}},"loc":{"start":{"line":2,"column":9},"end":{"line":2,"column":39}}},"1":{"name":"(anonymous_1)","decl":{"start":{"line":3,"column":9},"end":{"line":3,"column":18}},"loc":{"start":{"line":3,"column":9},"end":{"line":3,"column":39}}},"2":{"name":"(anonymous_2)","decl":{"start":{"line":4,"column":9},"end":{"line":4,"column":17}},"loc":{"start":{"line":4,"column":9},"end":{"line":4,"column":37}}},"3":{"name":"(anonymous_3)","decl":{"start":{"line":5,"column":9},"end":{"line":5,"column":16}},"loc":{"start":{"line":5,"column":9},"end":{"line":5,"column":35}}},"4":{"name":"(anonymous_4)","decl":{"start":{"line":6,"column":9},"end":{"line":6,"column":24}},"loc":{"start":{"line":6,"column":9},"end":{"line":6,"column":51}}}},"branchMap":{},"s":{"0":1,"1":2,"2":1,"3":2,"4":1,"5":3,"6":1,"7":4,"8":1,"9":3},"f":{"0":1,"1":1,"2":2,"3":3,"4":2},"b":{}}
,"C:\\Users\\DELL\\Desktop\\ztoproject\\plugin\\src\\filters\\lowercase.ts": {"path":"C:\\Users\\DELL\\Desktop\\ztoproject\\plugin\\src\\filters\\lowercase.ts","statementMap":{"0":{"start":{"line":2,"column":2},"end":{"line":2,"column":null}},"1":{"start":{"line":1,"column":0},"end":{"line":1,"column":16}}},"fnMap":{"0":{"name":"lowercase","decl":{"start":{"line":1,"column":16},"end":{"line":1,"column":25}},"loc":{"start":{"line":1,"column":40},"end":{"line":3,"column":1}}}},"branchMap":{"0":{"loc":{"start":{"line":2,"column":17},"end":{"line":2,"column":47}},"type":"cond-expr","locations":[{"start":{"line":2,"column":17},"end":{"line":2,"column":47}},{"start":{"line":2,"column":50},"end":{"line":2,"column":52}}]}},"s":{"0":1,"1":1},"f":{"0":1},"b":{"0":[1,0]}}
,"C:\\Users\\DELL\\Desktop\\ztoproject\\plugin\\src\\filters\\mapValue.ts": {"path":"C:\\Users\\DELL\\Desktop\\ztoproject\\plugin\\src\\filters\\mapValue.ts","statementMap":{"0":{"start":{"line":2,"column":2},"end":{"line":8,"column":null}},"1":{"start":{"line":3,"column":21},"end":{"line":3,"column":96}},"2":{"start":{"line":3,"column":76},"end":{"line":3,"column":95}},"3":{"start":{"line":4,"column":4},"end":{"line":4,"column":null}},"4":{"start":{"line":7,"column":4},"end":{"line":7,"column":null}},"5":{"start":{"line":1,"column":0},"end":{"line":1,"column":16}}},"fnMap":{"0":{"name":"mapValue","decl":{"start":{"line":1,"column":16},"end":{"line":1,"column":24}},"loc":{"start":{"line":1,"column":141},"end":{"line":9,"column":1}}},"1":{"name":"(anonymous_1)","decl":{"start":{"line":3,"column":66},"end":{"line":3,"column":67}},"loc":{"start":{"line":3,"column":76},"end":{"line":3,"column":95}}}},"branchMap":{"0":{"loc":{"start":{"line":1,"column":107},"end":{"line":1,"column":109}},"type":"default-arg","locations":[{"start":{"line":1,"column":107},"end":{"line":1,"column":109}}]},"1":{"loc":{"start":{"line":2,"column":2},"end":{"line":8,"column":null}},"type":"if","locations":[{"start":{"line":2,"column":2},"end":{"line":8,"column":null}},{"start":{"line":2,"column":2},"end":{"line":8,"column":null}}]},"2":{"loc":{"start":{"line":4,"column":32},"end":{"line":4,"column":48}},"type":"cond-expr","locations":[{"start":{"line":4,"column":32},"end":{"line":4,"column":48}},{"start":{"line":4,"column":51},"end":{"line":4,"column":53}}]},"3":{"loc":{"start":{"line":4,"column":11},"end":{"line":4,"column":18}},"type":"binary-expr","locations":[{"start":{"line":4,"column":11},"end":{"line":4,"column":18}},{"start":{"line":4,"column":22},"end":{"line":4,"column":29}}]},"4":{"loc":{"start":{"line":7,"column":11},"end":{"line":7,"column":26}},"type":"binary-expr","locations":[{"start":{"line":7,"column":11},"end":{"line":7,"column":26}},{"start":{"line":7,"column":30},"end":{"line":7,"column":32}}]}},"s":{"0":2,"1":1,"2":1,"3":1,"4":1,"5":1},"f":{"0":2,"1":1},"b":{"0":[0],"1":[1,1],"2":[1,0],"3":[1,1],"4":[1,0]}}
,"C:\\Users\\DELL\\Desktop\\ztoproject\\plugin\\src\\filters\\percent.ts": {"path":"C:\\Users\\DELL\\Desktop\\ztoproject\\plugin\\src\\filters\\percent.ts","statementMap":{"0":{"start":{"line":2,"column":2},"end":{"line":2,"column":null}},"1":{"start":{"line":3,"column":2},"end":{"line":3,"column":null}},"2":{"start":{"line":1,"column":0},"end":{"line":1,"column":16}}},"fnMap":{"0":{"name":"percent","decl":{"start":{"line":1,"column":16},"end":{"line":1,"column":23}},"loc":{"start":{"line":1,"column":70},"end":{"line":4,"column":1}}}},"branchMap":{"0":{"loc":{"start":{"line":1,"column":51},"end":{"line":1,"column":52}},"type":"default-arg","locations":[{"start":{"line":1,"column":51},"end":{"line":1,"column":52}}]},"1":{"loc":{"start":{"line":1,"column":67},"end":{"line":1,"column":70}},"type":"default-arg","locations":[{"start":{"line":1,"column":67},"end":{"line":1,"column":70}}]},"2":{"loc":{"start":{"line":2,"column":43},"end":{"line":2,"column":44}},"type":"cond-expr","locations":[{"start":{"line":2,"column":43},"end":{"line":2,"column":44}},{"start":{"line":2,"column":47},"end":{"line":2,"column":52}}]},"3":{"loc":{"start":{"line":2,"column":10},"end":{"line":2,"column":24}},"type":"binary-expr","locations":[{"start":{"line":2,"column":10},"end":{"line":2,"column":24}},{"start":{"line":2,"column":28},"end":{"line":2,"column":40}}]}},"s":{"0":3,"1":3,"2":1},"f":{"0":3},"b":{"0":[1],"1":[1],"2":[0,3],"3":[3,3]}}
,"C:\\Users\\DELL\\Desktop\\ztoproject\\plugin\\src\\filters\\uppercase.ts": {"path":"C:\\Users\\DELL\\Desktop\\ztoproject\\plugin\\src\\filters\\uppercase.ts","statementMap":{"0":{"start":{"line":2,"column":2},"end":{"line":2,"column":null}},"1":{"start":{"line":1,"column":0},"end":{"line":1,"column":16}}},"fnMap":{"0":{"name":"uppercase","decl":{"start":{"line":1,"column":16},"end":{"line":1,"column":25}},"loc":{"start":{"line":1,"column":40},"end":{"line":3,"column":1}}}},"branchMap":{"0":{"loc":{"start":{"line":2,"column":17},"end":{"line":2,"column":47}},"type":"cond-expr","locations":[{"start":{"line":2,"column":17},"end":{"line":2,"column":47}},{"start":{"line":2,"column":50},"end":{"line":2,"column":52}}]}},"s":{"0":1,"1":1},"f":{"0":1},"b":{"0":[1,0]}}
,"C:\\Users\\DELL\\Desktop\\ztoproject\\plugin\\src\\regs\\idCard.ts": {"path":"C:\\Users\\DELL\\Desktop\\ztoproject\\plugin\\src\\regs\\idCard.ts","statementMap":{"0":{"start":{"line":1,"column":13},"end":{"line":1,"column":null}}},"fnMap":{},"branchMap":{},"s":{"0":2},"f":{},"b":{}}
,"C:\\Users\\DELL\\Desktop\\ztoproject\\plugin\\src\\regs\\index.ts": {"path":"C:\\Users\\DELL\\Desktop\\ztoproject\\plugin\\src\\regs\\index.ts","statementMap":{"0":{"start":{"line":2,"column":0},"end":{"line":2,"column":9}},"1":{"start":{"line":2,"column":9},"end":{"line":2,"column":30}},"2":{"start":{"line":3,"column":0},"end":{"line":3,"column":9}},"3":{"start":{"line":3,"column":9},"end":{"line":3,"column":58}},"4":{"start":{"line":4,"column":0},"end":{"line":4,"column":9}},"5":{"start":{"line":4,"column":9},"end":{"line":4,"column":36}},"6":{"start":{"line":5,"column":0},"end":{"line":5,"column":9}},"7":{"start":{"line":5,"column":9},"end":{"line":5,"column":40}}},"fnMap":{"0":{"name":"(anonymous_0)","decl":{"start":{"line":2,"column":9},"end":{"line":2,"column":15}},"loc":{"start":{"line":2,"column":9},"end":{"line":2,"column":30}}},"1":{"name":"(anonymous_1)","decl":{"start":{"line":3,"column":9},"end":{"line":3,"column":29}},"loc":{"start":{"line":3,"column":9},"end":{"line":3,"column":58}}},"2":{"name":"(anonymous_2)","decl":{"start":{"line":4,"column":9},"end":{"line":4,"column":18}},"loc":{"start":{"line":4,"column":9},"end":{"line":4,"column":36}}},"3":{"name":"(anonymous_3)","decl":{"start":{"line":5,"column":9},"end":{"line":5,"column":20}},"loc":{"start":{"line":5,"column":9},"end":{"line":5,"column":40}}}},"branchMap":{},"s":{"0":1,"1":2,"2":1,"3":1,"4":1,"5":1,"6":1,"7":2},"f":{"0":1,"1":0,"2":0,"3":1},"b":{}}
,"C:\\Users\\DELL\\Desktop\\ztoproject\\plugin\\src\\regs\\isBase64.ts": {"path":"C:\\Users\\DELL\\Desktop\\ztoproject\\plugin\\src\\regs\\isBase64.ts","statementMap":{"0":{"start":{"line":1,"column":13},"end":{"line":1,"column":null}}},"fnMap":{},"branchMap":{},"s":{"0":1},"f":{},"b":{}}
,"C:\\Users\\DELL\\Desktop\\ztoproject\\plugin\\src\\regs\\mobilePhoneNumber.ts": {"path":"C:\\Users\\DELL\\Desktop\\ztoproject\\plugin\\src\\regs\\mobilePhoneNumber.ts","statementMap":{"0":{"start":{"line":1,"column":13},"end":{"line":1,"column":null}}},"fnMap":{},"branchMap":{},"s":{"0":2},"f":{},"b":{}}
,"C:\\Users\\DELL\\Desktop\\ztoproject\\plugin\\src\\regs\\url.ts": {"path":"C:\\Users\\DELL\\Desktop\\ztoproject\\plugin\\src\\regs\\url.ts","statementMap":{"0":{"start":{"line":1,"column":13},"end":{"line":1,"column":null}}},"fnMap":{},"branchMap":{},"s":{"0":1},"f":{},"b":{}}
,"C:\\Users\\DELL\\Desktop\\ztoproject\\plugin\\src\\utils\\client.ts": {"path":"C:\\Users\\DELL\\Desktop\\ztoproject\\plugin\\src\\utils\\client.ts","statementMap":{"0":{"start":{"line":26,"column":12},"end":{"line":26,"column":31}},"1":{"start":{"line":28,"column":2},"end":{"line":37,"column":null}},"2":{"start":{"line":25,"column":0},"end":{"line":25,"column":16}}},"fnMap":{"0":{"name":"client","decl":{"start":{"line":25,"column":16},"end":{"line":25,"column":22}},"loc":{"start":{"line":25,"column":22},"end":{"line":38,"column":1}}}},"branchMap":{"0":{"loc":{"start":{"line":31,"column":13},"end":{"line":31,"column":38}},"type":"binary-expr","locations":[{"start":{"line":31,"column":13},"end":{"line":31,"column":38}},{"start":{"line":31,"column":42},"end":{"line":31,"column":63}}]}},"s":{"0":1,"1":1,"2":1},"f":{"0":1},"b":{"0":[1,1]}}
,"C:\\Users\\DELL\\Desktop\\ztoproject\\plugin\\src\\utils\\compareObj.ts": {"path":"C:\\Users\\DELL\\Desktop\\ztoproject\\plugin\\src\\utils\\compareObj.ts","statementMap":{"0":{"start":{"line":3,"column":39},"end":{"line":3,"column":41}},"1":{"start":{"line":5,"column":2},"end":{"line":14,"column":null}},"2":{"start":{"line":6,"column":4},"end":{"line":13,"column":null}},"3":{"start":{"line":7,"column":6},"end":{"line":7,"column":null}},"4":{"start":{"line":8,"column":6},"end":{"line":10,"column":null}},"5":{"start":{"line":9,"column":8},"end":{"line":9,"column":null}},"6":{"start":{"line":11,"column":11},"end":{"line":13,"column":null}},"7":{"start":{"line":12,"column":6},"end":{"line":12,"column":null}},"8":{"start":{"line":16,"column":2},"end":{"line":16,"column":null}},"9":{"start":{"line":2,"column":0},"end":{"line":2,"column":16}}},"fnMap":{"0":{"name":"compareObj","decl":{"start":{"line":2,"column":16},"end":{"line":2,"column":26}},"loc":{"start":{"line":2,"column":96},"end":{"line":17,"column":1}}}},"branchMap":{"0":{"loc":{"start":{"line":2,"column":58},"end":{"line":2,"column":60}},"type":"default-arg","locations":[{"start":{"line":2,"column":58},"end":{"line":2,"column":60}}]},"1":{"loc":{"start":{"line":2,"column":94},"end":{"line":2,"column":96}},"type":"default-arg","locations":[{"start":{"line":2,"column":94},"end":{"line":2,"column":96}}]},"2":{"loc":{"start":{"line":6,"column":4},"end":{"line":13,"column":null}},"type":"if","locations":[{"start":{"line":6,"column":4},"end":{"line":13,"column":null}},{"start":{"line":6,"column":4},"end":{"line":13,"column":null}}]},"3":{"loc":{"start":{"line":6,"column":8},"end":{"line":6,"column":42}},"type":"binary-expr","locations":[{"start":{"line":6,"column":8},"end":{"line":6,"column":42}},{"start":{"line":6,"column":46},"end":{"line":6,"column":81}},{"start":{"line":6,"column":85},"end":{"line":6,"column":97}},{"start":{"line":6,"column":101},"end":{"line":6,"column":114}}]},"4":{"loc":{"start":{"line":8,"column":6},"end":{"line":10,"column":null}},"type":"if","locations":[{"start":{"line":8,"column":6},"end":{"line":10,"column":null}},{"start":{"line":8,"column":6},"end":{"line":10,"column":null}}]},"5":{"loc":{"start":{"line":11,"column":11},"end":{"line":13,"column":null}},"type":"if","locations":[{"start":{"line":11,"column":11},"end":{"line":13,"column":null}},{"start":{"line":11,"column":11},"end":{"line":13,"column":null}}]}},"s":{"0":0,"1":0,"2":0,"3":0,"4":0,"5":0,"6":0,"7":0,"8":0,"9":1},"f":{"0":0},"b":{"0":[0],"1":[0],"2":[0,0],"3":[0,0,0,0],"4":[0,0],"5":[0,0]}}
,"C:\\Users\\DELL\\Desktop\\ztoproject\\plugin\\src\\utils\\fetch.ts": {"path":"C:\\Users\\DELL\\Desktop\\ztoproject\\plugin\\src\\utils\\fetch.ts","statementMap":{"0":{"start":{"line":1,"column":0},"end":{"line":1,"column":111}},"1":{"start":{"line":13,"column":25},"end":{"line":13,"column":42}},"2":{"start":{"line":15,"column":23},"end":{"line":28,"column":1}},"3":{"start":{"line":16,"column":19},"end":{"line":25,"column":3}},"4":{"start":{"line":17,"column":4},"end":{"line":24,"column":null}},"5":{"start":{"line":18,"column":6},"end":{"line":21,"column":null}},"6":{"start":{"line":19,"column":8},"end":{"line":19,"column":null}},"7":{"start":{"line":20,"column":8},"end":{"line":20,"column":null}},"8":{"start":{"line":23,"column":6},"end":{"line":23,"column":null}},"9":{"start":{"line":26,"column":2},"end":{"line":26,"column":null}},"10":{"start":{"line":27,"column":2},"end":{"line":27,"column":null}},"11":{"start":{"line":35,"column":10},"end":{"line":35,"column":55}},"12":{"start":{"line":38,"column":4},"end":{"line":38,"column":null}},"13":{"start":{"line":39,"column":4},"end":{"line":39,"column":null}},"14":{"start":{"line":41,"column":4},"end":{"line":41,"column":null}},"15":{"start":{"line":45,"column":19},"end":{"line":45,"column":65}},"16":{"start":{"line":46,"column":4},"end":{"line":46,"column":null}},"17":{"start":{"line":50,"column":19},"end":{"line":50,"column":66}},"18":{"start":{"line":51,"column":4},"end":{"line":51,"column":null}},"19":{"start":{"line":55,"column":19},"end":{"line":55,"column":68}},"20":{"start":{"line":56,"column":4},"end":{"line":56,"column":null}},"21":{"start":{"line":60,"column":19},"end":{"line":60,"column":65}},"22":{"start":{"line":61,"column":4},"end":{"line":61,"column":null}},"23":{"start":{"line":77,"column":35},"end":{"line":81,"column":null}},"24":{"start":{"line":82,"column":4},"end":{"line":84,"column":null}},"25":{"start":{"line":83,"column":6},"end":{"line":83,"column":null}},"26":{"start":{"line":86,"column":4},"end":{"line":90,"column":null}},"27":{"start":{"line":87,"column":6},"end":{"line":87,"column":null}},"28":{"start":{"line":89,"column":6},"end":{"line":89,"column":null}},"29":{"start":{"line":92,"column":4},"end":{"line":94,"column":null}},"30":{"start":{"line":93,"column":6},"end":{"line":93,"column":null}},"31":{"start":{"line":96,"column":4},"end":{"line":96,"column":null}},"32":{"start":{"line":102,"column":4},"end":{"line":116,"column":null}},"33":{"start":{"line":103,"column":6},"end":{"line":108,"column":null}},"34":{"start":{"line":104,"column":21},"end":{"line":104,"column":67}},"35":{"start":{"line":105,"column":8},"end":{"line":105,"column":null}},"36":{"start":{"line":107,"column":8},"end":{"line":107,"column":null}},"37":{"start":{"line":110,"column":6},"end":{"line":115,"column":null}},"38":{"start":{"line":111,"column":20},"end":{"line":111,"column":64}},"39":{"start":{"line":112,"column":8},"end":{"line":112,"column":null}},"40":{"start":{"line":114,"column":8},"end":{"line":114,"column":null}},"41":{"start":{"line":119,"column":4},"end":{"line":133,"column":null}},"42":{"start":{"line":120,"column":6},"end":{"line":125,"column":null}},"43":{"start":{"line":121,"column":20},"end":{"line":121,"column":86}},"44":{"start":{"line":122,"column":8},"end":{"line":122,"column":null}},"45":{"start":{"line":124,"column":8},"end":{"line":124,"column":null}},"46":{"start":{"line":127,"column":6},"end":{"line":132,"column":null}},"47":{"start":{"line":128,"column":20},"end":{"line":128,"column":65}},"48":{"start":{"line":129,"column":8},"end":{"line":129,"column":null}},"49":{"start":{"line":131,"column":8},"end":{"line":131,"column":null}},"50":{"start":{"line":137,"column":4},"end":{"line":158,"column":null}},"51":{"start":{"line":138,"column":28},"end":{"line":138,"column":117}},"52":{"start":{"line":139,"column":32},"end":{"line":139,"column":61}},"53":{"start":{"line":141,"column":6},"end":{"line":151,"column":null}},"54":{"start":{"line":142,"column":8},"end":{"line":150,"column":null}},"55":{"start":{"line":143,"column":10},"end":{"line":149,"column":null}},"56":{"start":{"line":144,"column":12},"end":{"line":144,"column":null}},"57":{"start":{"line":145,"column":12},"end":{"line":145,"column":null}},"58":{"start":{"line":147,"column":12},"end":{"line":147,"column":null}},"59":{"start":{"line":148,"column":12},"end":{"line":148,"column":null}},"60":{"start":{"line":153,"column":6},"end":{"line":153,"column":null}},"61":{"start":{"line":155,"column":6},"end":{"line":155,"column":null}},"62":{"start":{"line":157,"column":6},"end":{"line":157,"column":null}},"63":{"start":{"line":30,"column":0},"end":{"line":30,"column":13}}},"fnMap":{"0":{"name":"(anonymous_0)","decl":{"start":{"line":15,"column":23},"end":{"line":15,"column":24}},"loc":{"start":{"line":15,"column":147},"end":{"line":28,"column":1}}},"1":{"name":"(anonymous_1)","decl":{"start":{"line":16,"column":19},"end":{"line":16,"column":20}},"loc":{"start":{"line":16,"column":57},"end":{"line":25,"column":3}}},"2":{"name":"(anonymous_2)","decl":{"start":{"line":18,"column":59},"end":{"line":18,"column":60}},"loc":{"start":{"line":18,"column":105},"end":{"line":21,"column":7}}},"3":{"name":"(anonymous_3)","decl":{"start":{"line":37,"column":2},"end":{"line":37,"column":14}},"loc":{"start":{"line":37,"column":36},"end":{"line":42,"column":3}}},"4":{"name":"(anonymous_4)","decl":{"start":{"line":44,"column":9},"end":{"line":44,"column":12}},"loc":{"start":{"line":44,"column":57},"end":{"line":47,"column":3}}},"5":{"name":"(anonymous_5)","decl":{"start":{"line":49,"column":9},"end":{"line":49,"column":13}},"loc":{"start":{"line":49,"column":58},"end":{"line":52,"column":3}}},"6":{"name":"(anonymous_6)","decl":{"start":{"line":54,"column":9},"end":{"line":54,"column":15}},"loc":{"start":{"line":54,"column":60},"end":{"line":57,"column":3}}},"7":{"name":"(anonymous_7)","decl":{"start":{"line":59,"column":9},"end":{"line":59,"column":12}},"loc":{"start":{"line":59,"column":57},"end":{"line":62,"column":3}}},"8":{"name":"(anonymous_8)","decl":{"start":{"line":76,"column":10},"end":{"line":76,"column":24}},"loc":{"start":{"line":76,"column":82},"end":{"line":97,"column":3}}},"9":{"name":"(anonymous_9)","decl":{"start":{"line":92,"column":46},"end":{"line":92,"column":47}},"loc":{"start":{"line":92,"column":57},"end":{"line":94,"column":5}}},"10":{"name":"(anonymous_10)","decl":{"start":{"line":100,"column":10},"end":{"line":100,"column":23}},"loc":{"start":{"line":100,"column":23},"end":{"line":134,"column":3}}},"11":{"name":"(anonymous_11)","decl":{"start":{"line":102,"column":48},"end":{"line":102,"column":49}},"loc":{"start":{"line":102,"column":59},"end":{"line":109,"column":5}}},"12":{"name":"(anonymous_12)","decl":{"start":{"line":109,"column":7},"end":{"line":109,"column":8}},"loc":{"start":{"line":109,"column":17},"end":{"line":116,"column":5}}},"13":{"name":"(anonymous_13)","decl":{"start":{"line":119,"column":49},"end":{"line":119,"column":50}},"loc":{"start":{"line":119,"column":62},"end":{"line":126,"column":5}}},"14":{"name":"(anonymous_14)","decl":{"start":{"line":126,"column":7},"end":{"line":126,"column":8}},"loc":{"start":{"line":126,"column":17},"end":{"line":133,"column":5}}},"15":{"name":"(anonymous_15)","decl":{"start":{"line":136,"column":10},"end":{"line":136,"column":23}},"loc":{"start":{"line":136,"column":122},"end":{"line":159,"column":3}}},"16":{"name":"(anonymous_16)","decl":{"start":{"line":142,"column":42},"end":{"line":142,"column":43}},"loc":{"start":{"line":142,"column":62},"end":{"line":150,"column":9}}},"17":{"name":"(anonymous_17)","decl":{"start":{"line":143,"column":43},"end":{"line":143,"column":51}},"loc":{"start":{"line":143,"column":54},"end":{"line":146,"column":11}}},"18":{"name":"(anonymous_18)","decl":{"start":{"line":146,"column":19},"end":{"line":146,"column":22}},"loc":{"start":{"line":146,"column":25},"end":{"line":149,"column":11}}}},"branchMap":{"0":{"loc":{"start":{"line":15,"column":92},"end":{"line":15,"column":94}},"type":"default-arg","locations":[{"start":{"line":15,"column":92},"end":{"line":15,"column":94}}]},"1":{"loc":{"start":{"line":15,"column":133},"end":{"line":15,"column":135}},"type":"default-arg","locations":[{"start":{"line":15,"column":133},"end":{"line":15,"column":135}}]},"2":{"loc":{"start":{"line":17,"column":4},"end":{"line":24,"column":null}},"type":"if","locations":[{"start":{"line":17,"column":4},"end":{"line":24,"column":null}},{"start":{"line":17,"column":4},"end":{"line":24,"column":null}}]},"3":{"loc":{"start":{"line":82,"column":4},"end":{"line":84,"column":null}},"type":"if","locations":[{"start":{"line":82,"column":4},"end":{"line":84,"column":null}},{"start":{"line":82,"column":4},"end":{"line":84,"column":null}}]},"4":{"loc":{"start":{"line":86,"column":4},"end":{"line":90,"column":null}},"type":"if","locations":[{"start":{"line":86,"column":4},"end":{"line":90,"column":null}},{"start":{"line":86,"column":4},"end":{"line":90,"column":null}}]},"5":{"loc":{"start":{"line":86,"column":8},"end":{"line":86,"column":24}},"type":"binary-expr","locations":[{"start":{"line":86,"column":8},"end":{"line":86,"column":24}},{"start":{"line":86,"column":28},"end":{"line":86,"column":44}},{"start":{"line":86,"column":48},"end":{"line":86,"column":67}},{"start":{"line":86,"column":71},"end":{"line":86,"column":90}}]},"6":{"loc":{"start":{"line":87,"column":22},"end":{"line":87,"column":26}},"type":"binary-expr","locations":[{"start":{"line":87,"column":22},"end":{"line":87,"column":26}},{"start":{"line":87,"column":30},"end":{"line":87,"column":32}}]},"7":{"loc":{"start":{"line":89,"column":20},"end":{"line":89,"column":24}},"type":"binary-expr","locations":[{"start":{"line":89,"column":20},"end":{"line":89,"column":24}},{"start":{"line":89,"column":28},"end":{"line":89,"column":30}}]},"8":{"loc":{"start":{"line":103,"column":6},"end":{"line":108,"column":null}},"type":"if","locations":[{"start":{"line":103,"column":6},"end":{"line":108,"column":null}},{"start":{"line":103,"column":6},"end":{"line":108,"column":null}}]},"9":{"loc":{"start":{"line":105,"column":15},"end":{"line":105,"column":19}},"type":"binary-expr","locations":[{"start":{"line":105,"column":15},"end":{"line":105,"column":19}},{"start":{"line":105,"column":23},"end":{"line":105,"column":29}}]},"10":{"loc":{"start":{"line":110,"column":6},"end":{"line":115,"column":null}},"type":"if","locations":[{"start":{"line":110,"column":6},"end":{"line":115,"column":null}},{"start":{"line":110,"column":6},"end":{"line":115,"column":null}}]},"11":{"loc":{"start":{"line":112,"column":15},"end":{"line":112,"column":18}},"type":"binary-expr","locations":[{"start":{"line":112,"column":15},"end":{"line":112,"column":18}},{"start":{"line":112,"column":22},"end":{"line":112,"column":43}}]},"12":{"loc":{"start":{"line":120,"column":6},"end":{"line":125,"column":null}},"type":"if","locations":[{"start":{"line":120,"column":6},"end":{"line":125,"column":null}},{"start":{"line":120,"column":6},"end":{"line":125,"column":null}}]},"13":{"loc":{"start":{"line":122,"column":15},"end":{"line":122,"column":18}},"type":"binary-expr","locations":[{"start":{"line":122,"column":15},"end":{"line":122,"column":18}},{"start":{"line":122,"column":22},"end":{"line":122,"column":30}}]},"14":{"loc":{"start":{"line":127,"column":6},"end":{"line":132,"column":null}},"type":"if","locations":[{"start":{"line":127,"column":6},"end":{"line":132,"column":null}},{"start":{"line":127,"column":6},"end":{"line":132,"column":null}}]},"15":{"loc":{"start":{"line":129,"column":15},"end":{"line":129,"column":18}},"type":"binary-expr","locations":[{"start":{"line":129,"column":15},"end":{"line":129,"column":18}},{"start":{"line":129,"column":22},"end":{"line":129,"column":43}}]},"16":{"loc":{"start":{"line":137,"column":4},"end":{"line":158,"column":null}},"type":"if","locations":[{"start":{"line":137,"column":4},"end":{"line":158,"column":null}},{"start":{"line":137,"column":4},"end":{"line":158,"column":null}}]},"17":{"loc":{"start":{"line":141,"column":6},"end":{"line":151,"column":null}},"type":"if","locations":[{"start":{"line":141,"column":6},"end":{"line":151,"column":null}},{"start":{"line":141,"column":6},"end":{"line":151,"column":null}}]}},"s":{"0":1,"1":1,"2":1,"3":0,"4":0,"5":0,"6":0,"7":0,"8":0,"9":0,"10":0,"11":0,"12":0,"13":0,"14":0,"15":0,"16":0,"17":0,"18":0,"19":0,"20":0,"21":0,"22":0,"23":0,"24":0,"25":0,"26":0,"27":0,"28":0,"29":0,"30":0,"31":0,"32":0,"33":0,"34":0,"35":0,"36":0,"37":0,"38":0,"39":0,"40":0,"41":0,"42":0,"43":0,"44":0,"45":0,"46":0,"47":0,"48":0,"49":0,"50":0,"51":0,"52":0,"53":0,"54":0,"55":0,"56":0,"57":0,"58":0,"59":0,"60":0,"61":0,"62":0,"63":1},"f":{"0":0,"1":0,"2":0,"3":0,"4":0,"5":0,"6":0,"7":0,"8":0,"9":0,"10":0,"11":0,"12":0,"13":0,"14":0,"15":0,"16":0,"17":0,"18":0},"b":{"0":[0],"1":[0],"2":[0,0],"3":[0,0],"4":[0,0],"5":[0,0,0,0],"6":[0,0],"7":[0,0],"8":[0,0],"9":[0,0],"10":[0,0],"11":[0,0],"12":[0,0],"13":[0,0],"14":[0,0],"15":[0,0],"16":[0,0],"17":[0,0]}}
,"C:\\Users\\DELL\\Desktop\\ztoproject\\plugin\\src\\utils\\imageCompress.ts": {"path":"C:\\Users\\DELL\\Desktop\\ztoproject\\plugin\\src\\utils\\imageCompress.ts","statementMap":{"0":{"start":{"line":1,"column":0},"end":{"line":1,"column":45}},"1":{"start":{"line":4,"column":2},"end":{"line":7,"column":null}},"2":{"start":{"line":5,"column":4},"end":{"line":5,"column":null}},"3":{"start":{"line":6,"column":4},"end":{"line":6,"column":10}},"4":{"start":{"line":9,"column":14},"end":{"line":9,"column":25}},"5":{"start":{"line":10,"column":2},"end":{"line":10,"column":null}},"6":{"start":{"line":11,"column":2},"end":{"line":29,"column":null}},"7":{"start":{"line":12,"column":21},"end":{"line":12,"column":30}},"8":{"start":{"line":13,"column":22},"end":{"line":13,"column":32}},"9":{"start":{"line":14,"column":19},"end":{"line":14,"column":51}},"10":{"start":{"line":15,"column":16},"end":{"line":15,"column":67}},"11":{"start":{"line":17,"column":17},"end":{"line":17,"column":50}},"12":{"start":{"line":18,"column":17},"end":{"line":18,"column":51}},"13":{"start":{"line":19,"column":4},"end":{"line":19,"column":null}},"14":{"start":{"line":20,"column":4},"end":{"line":20,"column":null}},"15":{"start":{"line":22,"column":4},"end":{"line":22,"column":null}},"16":{"start":{"line":23,"column":4},"end":{"line":23,"column":null}},"17":{"start":{"line":25,"column":4},"end":{"line":25,"column":null}},"18":{"start":{"line":27,"column":23},"end":{"line":27,"column":62}},"19":{"start":{"line":28,"column":4},"end":{"line":28,"column":null}},"20":{"start":{"line":33,"column":2},"end":{"line":36,"column":null}},"21":{"start":{"line":34,"column":4},"end":{"line":34,"column":null}},"22":{"start":{"line":35,"column":4},"end":{"line":35,"column":10}},"23":{"start":{"line":38,"column":17},"end":{"line":38,"column":33}},"24":{"start":{"line":39,"column":2},"end":{"line":39,"column":null}},"25":{"start":{"line":40,"column":2},"end":{"line":45,"column":null}},"26":{"start":{"line":41,"column":4},"end":{"line":44,"column":null}},"27":{"start":{"line":42,"column":17},"end":{"line":42,"column":40}},"28":{"start":{"line":43,"column":6},"end":{"line":43,"column":null}},"29":{"start":{"line":49,"column":2},"end":{"line":87,"column":null}},"30":{"start":{"line":50,"column":4},"end":{"line":86,"column":null}},"31":{"start":{"line":51,"column":6},"end":{"line":77,"column":null}},"32":{"start":{"line":52,"column":20},"end":{"line":52,"column":40}},"33":{"start":{"line":53,"column":8},"end":{"line":53,"column":null}},"34":{"start":{"line":54,"column":8},"end":{"line":54,"column":null}},"35":{"start":{"line":55,"column":8},"end":{"line":64,"column":null}},"36":{"start":{"line":56,"column":27},"end":{"line":56,"column":39}},"37":{"start":{"line":57,"column":10},"end":{"line":63,"column":null}},"38":{"start":{"line":58,"column":12},"end":{"line":62,"column":null}},"39":{"start":{"line":59,"column":14},"end":{"line":59,"column":null}},"40":{"start":{"line":61,"column":14},"end":{"line":61,"column":null}},"41":{"start":{"line":65,"column":8},"end":{"line":67,"column":null}},"42":{"start":{"line":66,"column":10},"end":{"line":66,"column":null}},"43":{"start":{"line":68,"column":8},"end":{"line":68,"column":null}},"44":{"start":{"line":69,"column":13},"end":{"line":77,"column":null}},"45":{"start":{"line":70,"column":8},"end":{"line":76,"column":null}},"46":{"start":{"line":71,"column":10},"end":{"line":75,"column":null}},"47":{"start":{"line":72,"column":12},"end":{"line":72,"column":null}},"48":{"start":{"line":74,"column":12},"end":{"line":74,"column":null}},"49":{"start":{"line":79,"column":6},"end":{"line":85,"column":null}},"50":{"start":{"line":80,"column":8},"end":{"line":84,"column":null}},"51":{"start":{"line":81,"column":10},"end":{"line":81,"column":null}},"52":{"start":{"line":83,"column":10},"end":{"line":83,"column":null}},"53":{"start":{"line":48,"column":0},"end":{"line":48,"column":16}}},"fnMap":{"0":{"name":"canvasDataBase64","decl":{"start":{"line":3,"column":9},"end":{"line":3,"column":25}},"loc":{"start":{"line":3,"column":76},"end":{"line":30,"column":1}}},"1":{"name":"(anonymous_1)","decl":{"start":{"line":11,"column":15},"end":{"line":11,"column":null}},"loc":{"start":{"line":11,"column":15},"end":{"line":29,"column":3}}},"2":{"name":"canvasDataFile","decl":{"start":{"line":32,"column":9},"end":{"line":32,"column":23}},"loc":{"start":{"line":32,"column":81},"end":{"line":46,"column":1}}},"3":{"name":"(anonymous_3)","decl":{"start":{"line":40,"column":18},"end":{"line":40,"column":19}},"loc":{"start":{"line":40,"column":33},"end":{"line":45,"column":3}}},"4":{"name":"imageCompress","decl":{"start":{"line":48,"column":16},"end":{"line":48,"column":29}},"loc":{"start":{"line":48,"column":75},"end":{"line":88,"column":1}}},"5":{"name":"(anonymous_5)","decl":{"start":{"line":49,"column":21},"end":{"line":49,"column":22}},"loc":{"start":{"line":49,"column":41},"end":{"line":87,"column":3}}},"6":{"name":"(anonymous_6)","decl":{"start":{"line":55,"column":21},"end":{"line":55,"column":24}},"loc":{"start":{"line":55,"column":26},"end":{"line":64,"column":9}}},"7":{"name":"(anonymous_7)","decl":{"start":{"line":57,"column":44},"end":{"line":57,"column":45}},"loc":{"start":{"line":57,"column":68},"end":{"line":63,"column":11}}},"8":{"name":"(anonymous_8)","decl":{"start":{"line":65,"column":22},"end":{"line":65,"column":23}},"loc":{"start":{"line":65,"column":30},"end":{"line":67,"column":9}}},"9":{"name":"(anonymous_9)","decl":{"start":{"line":70,"column":41},"end":{"line":70,"column":42}},"loc":{"start":{"line":70,"column":65},"end":{"line":76,"column":9}}},"10":{"name":"(anonymous_10)","decl":{"start":{"line":79,"column":37},"end":{"line":79,"column":38}},"loc":{"start":{"line":79,"column":61},"end":{"line":85,"column":7}}}},"branchMap":{"0":{"loc":{"start":{"line":3,"column":53},"end":{"line":3,"column":56}},"type":"default-arg","locations":[{"start":{"line":3,"column":53},"end":{"line":3,"column":56}}]},"1":{"loc":{"start":{"line":4,"column":2},"end":{"line":7,"column":null}},"type":"if","locations":[{"start":{"line":4,"column":2},"end":{"line":7,"column":null}},{"start":{"line":4,"column":2},"end":{"line":7,"column":null}}]},"2":{"loc":{"start":{"line":4,"column":6},"end":{"line":4,"column":17}},"type":"binary-expr","locations":[{"start":{"line":4,"column":6},"end":{"line":4,"column":17}},{"start":{"line":4,"column":21},"end":{"line":4,"column":33}}]},"3":{"loc":{"start":{"line":32,"column":58},"end":{"line":32,"column":61}},"type":"default-arg","locations":[{"start":{"line":32,"column":58},"end":{"line":32,"column":61}}]},"4":{"loc":{"start":{"line":33,"column":2},"end":{"line":36,"column":null}},"type":"if","locations":[{"start":{"line":33,"column":2},"end":{"line":36,"column":null}},{"start":{"line":33,"column":2},"end":{"line":36,"column":null}}]},"5":{"loc":{"start":{"line":33,"column":6},"end":{"line":33,"column":17}},"type":"binary-expr","locations":[{"start":{"line":33,"column":6},"end":{"line":33,"column":17}},{"start":{"line":33,"column":21},"end":{"line":33,"column":33}}]},"6":{"loc":{"start":{"line":41,"column":4},"end":{"line":44,"column":null}},"type":"if","locations":[{"start":{"line":41,"column":4},"end":{"line":44,"column":null}},{"start":{"line":41,"column":4},"end":{"line":44,"column":null}}]},"7":{"loc":{"start":{"line":50,"column":4},"end":{"line":86,"column":null}},"type":"if","locations":[{"start":{"line":50,"column":4},"end":{"line":86,"column":null}},{"start":{"line":50,"column":4},"end":{"line":86,"column":null}}]},"8":{"loc":{"start":{"line":51,"column":6},"end":{"line":77,"column":null}},"type":"if","locations":[{"start":{"line":51,"column":6},"end":{"line":77,"column":null}},{"start":{"line":51,"column":6},"end":{"line":77,"column":null}}]},"9":{"loc":{"start":{"line":58,"column":12},"end":{"line":62,"column":null}},"type":"if","locations":[{"start":{"line":58,"column":12},"end":{"line":62,"column":null}},{"start":{"line":58,"column":12},"end":{"line":62,"column":null}}]},"10":{"loc":{"start":{"line":69,"column":13},"end":{"line":77,"column":null}},"type":"if","locations":[{"start":{"line":69,"column":13},"end":{"line":77,"column":null}},{"start":{"line":69,"column":13},"end":{"line":77,"column":null}}]},"11":{"loc":{"start":{"line":71,"column":10},"end":{"line":75,"column":null}},"type":"if","locations":[{"start":{"line":71,"column":10},"end":{"line":75,"column":null}},{"start":{"line":71,"column":10},"end":{"line":75,"column":null}}]},"12":{"loc":{"start":{"line":80,"column":8},"end":{"line":84,"column":null}},"type":"if","locations":[{"start":{"line":80,"column":8},"end":{"line":84,"column":null}},{"start":{"line":80,"column":8},"end":{"line":84,"column":null}}]}},"s":{"0":1,"1":0,"2":0,"3":0,"4":0,"5":0,"6":0,"7":0,"8":0,"9":0,"10":0,"11":0,"12":0,"13":0,"14":0,"15":0,"16":0,"17":0,"18":0,"19":0,"20":0,"21":0,"22":0,"23":0,"24":0,"25":0,"26":0,"27":0,"28":0,"29":1,"30":1,"31":1,"32":0,"33":0,"34":0,"35":0,"36":0,"37":0,"38":0,"39":0,"40":0,"41":0,"42":0,"43":0,"44":1,"45":0,"46":0,"47":0,"48":0,"49":0,"50":0,"51":0,"52":0,"53":1},"f":{"0":0,"1":0,"2":0,"3":0,"4":1,"5":1,"6":0,"7":0,"8":0,"9":0,"10":0},"b":{"0":[0],"1":[0,0],"2":[0,0],"3":[0],"4":[0,0],"5":[0,0],"6":[0,0],"7":[1,0],"8":[0,1],"9":[0,0],"10":[0,1],"11":[0,0],"12":[0,0]}}
,"C:\\Users\\DELL\\Desktop\\ztoproject\\plugin\\src\\utils\\linkedStack.ts": {"path":"C:\\Users\\DELL\\Desktop\\ztoproject\\plugin\\src\\utils\\linkedStack.ts","statementMap":{"0":{"start":{"line":5,"column":4},"end":{"line":5,"column":null}},"1":{"start":{"line":6,"column":4},"end":{"line":6,"column":null}},"2":{"start":{"line":14,"column":4},"end":{"line":14,"column":null}},"3":{"start":{"line":21,"column":4},"end":{"line":21,"column":null}},"4":{"start":{"line":26,"column":10},"end":{"line":26,"column":null}},"5":{"start":{"line":31,"column":4},"end":{"line":31,"column":null}},"6":{"start":{"line":35,"column":4},"end":{"line":35,"column":null}},"7":{"start":{"line":43,"column":17},"end":{"line":43,"column":35}},"8":{"start":{"line":44,"column":4},"end":{"line":46,"column":null}},"9":{"start":{"line":45,"column":6},"end":{"line":45,"column":null}},"10":{"start":{"line":47,"column":4},"end":{"line":47,"column":null}},"11":{"start":{"line":48,"column":4},"end":{"line":48,"column":null}},"12":{"start":{"line":52,"column":24},"end":{"line":52,"column":36}},"13":{"start":{"line":54,"column":4},"end":{"line":61,"column":null}},"14":{"start":{"line":55,"column":6},"end":{"line":55,"column":null}},"15":{"start":{"line":56,"column":6},"end":{"line":56,"column":null}},"16":{"start":{"line":57,"column":6},"end":{"line":57,"column":null}},"17":{"start":{"line":58,"column":6},"end":{"line":58,"column":null}},"18":{"start":{"line":60,"column":6},"end":{"line":60,"column":null}},"19":{"start":{"line":65,"column":4},"end":{"line":65,"column":null}},"20":{"start":{"line":66,"column":4},"end":{"line":66,"column":null}},"21":{"start":{"line":25,"column":0},"end":{"line":25,"column":13}}},"fnMap":{"0":{"name":"(anonymous_0)","decl":{"start":{"line":4,"column":2},"end":{"line":4,"column":14}},"loc":{"start":{"line":4,"column":25},"end":{"line":7,"column":3}}},"1":{"name":"(anonymous_1)","decl":{"start":{"line":13,"column":2},"end":{"line":13,"column":13}},"loc":{"start":{"line":13,"column":38},"end":{"line":15,"column":3}}},"2":{"name":"(anonymous_2)","decl":{"start":{"line":20,"column":2},"end":{"line":20,"column":13}},"loc":{"start":{"line":20,"column":17},"end":{"line":22,"column":3}}},"3":{"name":"(anonymous_3)","decl":{"start":{"line":25,"column":0},"end":{"line":25,"column":13}},"loc":{"start":{"line":25,"column":0},"end":{"line":68,"column":1}}},"4":{"name":"(anonymous_4)","decl":{"start":{"line":30,"column":2},"end":{"line":30,"column":13}},"loc":{"start":{"line":30,"column":17},"end":{"line":32,"column":3}}},"5":{"name":"(anonymous_5)","decl":{"start":{"line":34,"column":2},"end":{"line":34,"column":13}},"loc":{"start":{"line":34,"column":16},"end":{"line":36,"column":3}}},"6":{"name":"(anonymous_6)","decl":{"start":{"line":42,"column":9},"end":{"line":42,"column":13}},"loc":{"start":{"line":42,"column":27},"end":{"line":49,"column":3}}},"7":{"name":"(anonymous_7)","decl":{"start":{"line":51,"column":9},"end":{"line":51,"column":12}},"loc":{"start":{"line":51,"column":12},"end":{"line":62,"column":3}}},"8":{"name":"(anonymous_8)","decl":{"start":{"line":64,"column":9},"end":{"line":64,"column":14}},"loc":{"start":{"line":64,"column":14},"end":{"line":67,"column":3}}}},"branchMap":{"0":{"loc":{"start":{"line":44,"column":4},"end":{"line":46,"column":null}},"type":"if","locations":[{"start":{"line":44,"column":4},"end":{"line":46,"column":null}},{"start":{"line":44,"column":4},"end":{"line":46,"column":null}}]},"1":{"loc":{"start":{"line":54,"column":4},"end":{"line":61,"column":null}},"type":"if","locations":[{"start":{"line":54,"column":4},"end":{"line":61,"column":null}},{"start":{"line":54,"column":4},"end":{"line":61,"column":null}}]}},"s":{"0":0,"1":0,"2":0,"3":0,"4":0,"5":0,"6":0,"7":0,"8":0,"9":0,"10":0,"11":0,"12":0,"13":0,"14":0,"15":0,"16":0,"17":0,"18":0,"19":0,"20":0,"21":1},"f":{"0":0,"1":0,"2":0,"3":0,"4":0,"5":0,"6":0,"7":0,"8":0},"b":{"0":[0,0],"1":[0,0]}}
,"C:\\Users\\DELL\\Desktop\\ztoproject\\plugin\\src\\utils\\phoneNumberFormat.ts": {"path":"C:\\Users\\DELL\\Desktop\\ztoproject\\plugin\\src\\utils\\phoneNumberFormat.ts","statementMap":{"0":{"start":{"line":8,"column":2},"end":{"line":8,"column":null}},"1":{"start":{"line":16,"column":2},"end":{"line":16,"column":null}},"2":{"start":{"line":18,"column":2},"end":{"line":20,"column":null}},"3":{"start":{"line":19,"column":4},"end":{"line":19,"column":null}},"4":{"start":{"line":22,"column":2},"end":{"line":22,"column":null}},"5":{"start":{"line":15,"column":0},"end":{"line":15,"column":16}}},"fnMap":{"0":{"name":"phoneNumberFormatMethods","decl":{"start":{"line":7,"column":9},"end":{"line":7,"column":33}},"loc":{"start":{"line":7,"column":99},"end":{"line":9,"column":1}}},"1":{"name":"phoneNumberFormat","decl":{"start":{"line":15,"column":16},"end":{"line":15,"column":33}},"loc":{"start":{"line":15,"column":54},"end":{"line":23,"column":1}}}},"branchMap":{"0":{"loc":{"start":{"line":8,"column":86},"end":{"line":8,"column":88}},"type":"cond-expr","locations":[{"start":{"line":8,"column":86},"end":{"line":8,"column":88}},{"start":{"line":8,"column":91},"end":{"line":8,"column":187}}]},"1":{"loc":{"start":{"line":18,"column":2},"end":{"line":20,"column":null}},"type":"if","locations":[{"start":{"line":18,"column":2},"end":{"line":20,"column":null}},{"start":{"line":18,"column":2},"end":{"line":20,"column":null}}]}},"s":{"0":3,"1":2,"2":2,"3":1,"4":1,"5":1},"f":{"0":3,"1":2},"b":{"0":[1,2],"1":[1,1]}}
,"C:\\Users\\DELL\\Desktop\\ztoproject\\plugin\\src\\utils\\queue.ts": {"path":"C:\\Users\\DELL\\Desktop\\ztoproject\\plugin\\src\\utils\\queue.ts","statementMap":{"0":{"start":{"line":2,"column":10},"end":{"line":2,"column":null}},"1":{"start":{"line":7,"column":4},"end":{"line":7,"column":null}},"2":{"start":{"line":8,"column":4},"end":{"line":8,"column":null}},"3":{"start":{"line":12,"column":4},"end":{"line":12,"column":null}},"4":{"start":{"line":16,"column":4},"end":{"line":16,"column":null}},"5":{"start":{"line":24,"column":4},"end":{"line":26,"column":null}},"6":{"start":{"line":25,"column":6},"end":{"line":25,"column":null}},"7":{"start":{"line":28,"column":4},"end":{"line":28,"column":null}},"8":{"start":{"line":35,"column":4},"end":{"line":35,"column":null}},"9":{"start":{"line":42,"column":4},"end":{"line":42,"column":null}},"10":{"start":{"line":1,"column":0},"end":{"line":1,"column":13}}},"fnMap":{"0":{"name":"(anonymous_0)","decl":{"start":{"line":6,"column":2},"end":{"line":6,"column":15}},"loc":{"start":{"line":6,"column":27},"end":{"line":9,"column":3}}},"1":{"name":"(anonymous_1)","decl":{"start":{"line":11,"column":2},"end":{"line":11,"column":13}},"loc":{"start":{"line":11,"column":17},"end":{"line":13,"column":3}}},"2":{"name":"(anonymous_2)","decl":{"start":{"line":15,"column":2},"end":{"line":15,"column":13}},"loc":{"start":{"line":15,"column":18},"end":{"line":17,"column":3}}},"3":{"name":"(anonymous_3)","decl":{"start":{"line":23,"column":9},"end":{"line":23,"column":13}},"loc":{"start":{"line":23,"column":23},"end":{"line":29,"column":3}}},"4":{"name":"(anonymous_4)","decl":{"start":{"line":34,"column":9},"end":{"line":34,"column":12}},"loc":{"start":{"line":34,"column":12},"end":{"line":36,"column":3}}},"5":{"name":"(anonymous_5)","decl":{"start":{"line":41,"column":9},"end":{"line":41,"column":14}},"loc":{"start":{"line":41,"column":14},"end":{"line":43,"column":3}}}},"branchMap":{"0":{"loc":{"start":{"line":24,"column":4},"end":{"line":26,"column":null}},"type":"if","locations":[{"start":{"line":24,"column":4},"end":{"line":26,"column":null}},{"start":{"line":24,"column":4},"end":{"line":26,"column":null}}]}},"s":{"0":0,"1":0,"2":0,"3":0,"4":0,"5":0,"6":0,"7":0,"8":0,"9":0,"10":1},"f":{"0":0,"1":0,"2":0,"3":0,"4":0,"5":0},"b":{"0":[0,0]}}
,"C:\\Users\\DELL\\Desktop\\ztoproject\\plugin\\src\\utils\\quickSort.ts": {"path":"C:\\Users\\DELL\\Desktop\\ztoproject\\plugin\\src\\utils\\quickSort.ts","statementMap":{"0":{"start":{"line":3,"column":2},"end":{"line":5,"column":null}},"1":{"start":{"line":4,"column":4},"end":{"line":4,"column":15}},"2":{"start":{"line":7,"column":16},"end":{"line":7,"column":22}},"3":{"start":{"line":8,"column":15},"end":{"line":8,"column":17}},"4":{"start":{"line":9,"column":16},"end":{"line":9,"column":18}},"5":{"start":{"line":10,"column":2},"end":{"line":17,"column":null}},"6":{"start":{"line":10,"column":15},"end":{"line":10,"column":16}},"7":{"start":{"line":12,"column":4},"end":{"line":16,"column":null}},"8":{"start":{"line":13,"column":6},"end":{"line":13,"column":24}},"9":{"start":{"line":15,"column":6},"end":{"line":15,"column":25}},"10":{"start":{"line":19,"column":2},"end":{"line":19,"column":64}},"11":{"start":{"line":1,"column":0},"end":{"line":1,"column":16}}},"fnMap":{"0":{"name":"quickSort","decl":{"start":{"line":1,"column":16},"end":{"line":1,"column":25}},"loc":{"start":{"line":1,"column":44},"end":{"line":20,"column":1}}}},"branchMap":{"0":{"loc":{"start":{"line":3,"column":2},"end":{"line":5,"column":null}},"type":"if","locations":[{"start":{"line":3,"column":2},"end":{"line":5,"column":null}},{"start":{"line":3,"column":2},"end":{"line":5,"column":null}}]},"1":{"loc":{"start":{"line":12,"column":4},"end":{"line":16,"column":null}},"type":"if","locations":[{"start":{"line":12,"column":4},"end":{"line":16,"column":null}},{"start":{"line":12,"column":4},"end":{"line":16,"column":null}}]}},"s":{"0":0,"1":0,"2":0,"3":0,"4":0,"5":0,"6":0,"7":0,"8":0,"9":0,"10":0,"11":1},"f":{"0":0},"b":{"0":[0,0],"1":[0,0]}}
}
