TN:
SF:src\filters\desensitization.ts
FN:4,desensitization
FNF:1
FNH:1
FNDA:2,desensitization
DA:1,1
DA:2,1
DA:4,1
DA:5,2
DA:6,1
DA:7,1
DA:8,1
DA:10,0
LF:8
LH:7
BRDA:5,0,0,1
BRDA:5,0,1,1
BRDA:7,1,0,1
BRDA:7,1,1,0
BRF:4
BRH:3
end_of_record
TN:
SF:src\filters\index.ts
FN:2,(anonymous_0)
FN:3,(anonymous_1)
FN:4,(anonymous_2)
FN:5,(anonymous_3)
FN:6,(anonymous_4)
FNF:5
FNH:5
FNDA:1,(anonymous_0)
FNDA:1,(anonymous_1)
FNDA:2,(anonymous_2)
FNDA:3,(anonymous_3)
FNDA:2,(anonymous_4)
DA:2,2
DA:3,2
DA:4,3
DA:5,4
DA:6,3
LF:5
LH:5
BRF:0
BRH:0
end_of_record
TN:
SF:src\filters\lowercase.ts
FN:1,lowercase
FNF:1
FNH:1
FNDA:1,lowercase
DA:1,1
DA:2,1
LF:2
LH:2
BRDA:2,0,0,1
BRDA:2,0,1,0
BRF:2
BRH:1
end_of_record
TN:
SF:src\filters\mapValue.ts
FN:1,mapValue
FN:3,(anonymous_1)
FNF:2
FNH:2
FNDA:2,mapValue
FNDA:1,(anonymous_1)
DA:1,1
DA:2,2
DA:3,1
DA:4,1
DA:7,1
LF:5
LH:5
BRDA:1,0,0,0
BRDA:2,1,0,1
BRDA:2,1,1,1
BRDA:4,2,0,1
BRDA:4,2,1,0
BRDA:4,3,0,1
BRDA:4,3,1,1
BRDA:7,4,0,1
BRDA:7,4,1,0
BRF:9
BRH:6
end_of_record
TN:
SF:src\filters\percent.ts
FN:1,percent
FNF:1
FNH:1
FNDA:3,percent
DA:1,1
DA:2,3
DA:3,3
LF:3
LH:3
BRDA:1,0,0,1
BRDA:1,1,0,1
BRDA:2,2,0,0
BRDA:2,2,1,3
BRDA:2,3,0,3
BRDA:2,3,1,3
BRF:6
BRH:5
end_of_record
TN:
SF:src\filters\uppercase.ts
FN:1,uppercase
FNF:1
FNH:1
FNDA:1,uppercase
DA:1,1
DA:2,1
LF:2
LH:2
BRDA:2,0,0,1
BRDA:2,0,1,0
BRF:2
BRH:1
end_of_record
TN:
SF:src\regs\idCard.ts
FNF:0
FNH:0
DA:1,2
LF:1
LH:1
BRF:0
BRH:0
end_of_record
TN:
SF:src\regs\index.ts
FN:2,(anonymous_0)
FN:3,(anonymous_1)
FN:4,(anonymous_2)
FN:5,(anonymous_3)
FNF:4
FNH:2
FNDA:1,(anonymous_0)
FNDA:0,(anonymous_1)
FNDA:0,(anonymous_2)
FNDA:1,(anonymous_3)
DA:2,2
DA:3,1
DA:4,1
DA:5,2
LF:4
LH:4
BRF:0
BRH:0
end_of_record
TN:
SF:src\regs\isBase64.ts
FNF:0
FNH:0
DA:1,1
LF:1
LH:1
BRF:0
BRH:0
end_of_record
TN:
SF:src\regs\mobilePhoneNumber.ts
FNF:0
FNH:0
DA:1,2
LF:1
LH:1
BRF:0
BRH:0
end_of_record
TN:
SF:src\regs\url.ts
FNF:0
FNH:0
DA:1,1
LF:1
LH:1
BRF:0
BRH:0
end_of_record
TN:
SF:src\utils\client.ts
FN:25,client
FNF:1
FNH:1
FNDA:1,client
DA:25,1
DA:26,1
DA:28,1
LF:3
LH:3
BRDA:31,0,0,1
BRDA:31,0,1,1
BRF:2
BRH:2
end_of_record
TN:
SF:src\utils\compareObj.ts
FN:2,compareObj
FNF:1
FNH:0
FNDA:0,compareObj
DA:2,1
DA:3,0
DA:5,0
DA:6,0
DA:7,0
DA:8,0
DA:9,0
DA:11,0
DA:12,0
DA:16,0
LF:10
LH:1
BRDA:2,0,0,0
BRDA:2,1,0,0
BRDA:6,2,0,0
BRDA:6,2,1,0
BRDA:6,3,0,0
BRDA:6,3,1,0
BRDA:6,3,2,0
BRDA:6,3,3,0
BRDA:8,4,0,0
BRDA:8,4,1,0
BRDA:11,5,0,0
BRDA:11,5,1,0
BRF:12
BRH:0
end_of_record
TN:
SF:src\utils\fetch.ts
FN:15,(anonymous_0)
FN:16,(anonymous_1)
FN:18,(anonymous_2)
FN:37,(anonymous_3)
FN:44,(anonymous_4)
FN:49,(anonymous_5)
FN:54,(anonymous_6)
FN:59,(anonymous_7)
FN:76,(anonymous_8)
FN:92,(anonymous_9)
FN:100,(anonymous_10)
FN:102,(anonymous_11)
FN:109,(anonymous_12)
FN:119,(anonymous_13)
FN:126,(anonymous_14)
FN:136,(anonymous_15)
FN:142,(anonymous_16)
FN:143,(anonymous_17)
FN:146,(anonymous_18)
FNF:19
FNH:0
FNDA:0,(anonymous_0)
FNDA:0,(anonymous_1)
FNDA:0,(anonymous_2)
FNDA:0,(anonymous_3)
FNDA:0,(anonymous_4)
FNDA:0,(anonymous_5)
FNDA:0,(anonymous_6)
FNDA:0,(anonymous_7)
FNDA:0,(anonymous_8)
FNDA:0,(anonymous_9)
FNDA:0,(anonymous_10)
FNDA:0,(anonymous_11)
FNDA:0,(anonymous_12)
FNDA:0,(anonymous_13)
FNDA:0,(anonymous_14)
FNDA:0,(anonymous_15)
FNDA:0,(anonymous_16)
FNDA:0,(anonymous_17)
FNDA:0,(anonymous_18)
DA:1,1
DA:13,1
DA:15,1
DA:16,0
DA:17,0
DA:18,0
DA:19,0
DA:20,0
DA:23,0
DA:26,0
DA:27,0
DA:30,1
DA:35,0
DA:38,0
DA:39,0
DA:41,0
DA:45,0
DA:46,0
DA:50,0
DA:51,0
DA:55,0
DA:56,0
DA:60,0
DA:61,0
DA:77,0
DA:82,0
DA:83,0
DA:86,0
DA:87,0
DA:89,0
DA:92,0
DA:93,0
DA:96,0
DA:102,0
DA:103,0
DA:104,0
DA:105,0
DA:107,0
DA:110,0
DA:111,0
DA:112,0
DA:114,0
DA:119,0
DA:120,0
DA:121,0
DA:122,0
DA:124,0
DA:127,0
DA:128,0
DA:129,0
DA:131,0
DA:137,0
DA:138,0
DA:139,0
DA:141,0
DA:142,0
DA:143,0
DA:144,0
DA:145,0
DA:147,0
DA:148,0
DA:153,0
DA:155,0
DA:157,0
LF:64
LH:4
BRDA:15,0,0,0
BRDA:15,1,0,0
BRDA:17,2,0,0
BRDA:17,2,1,0
BRDA:82,3,0,0
BRDA:82,3,1,0
BRDA:86,4,0,0
BRDA:86,4,1,0
BRDA:86,5,0,0
BRDA:86,5,1,0
BRDA:86,5,2,0
BRDA:86,5,3,0
BRDA:87,6,0,0
BRDA:87,6,1,0
BRDA:89,7,0,0
BRDA:89,7,1,0
BRDA:103,8,0,0
BRDA:103,8,1,0
BRDA:105,9,0,0
BRDA:105,9,1,0
BRDA:110,10,0,0
BRDA:110,10,1,0
BRDA:112,11,0,0
BRDA:112,11,1,0
BRDA:120,12,0,0
BRDA:120,12,1,0
BRDA:122,13,0,0
BRDA:122,13,1,0
BRDA:127,14,0,0
BRDA:127,14,1,0
BRDA:129,15,0,0
BRDA:129,15,1,0
BRDA:137,16,0,0
BRDA:137,16,1,0
BRDA:141,17,0,0
BRDA:141,17,1,0
BRF:36
BRH:0
end_of_record
TN:
SF:src\utils\imageCompress.ts
FN:3,canvasDataBase64
FN:11,(anonymous_1)
FN:32,canvasDataFile
FN:40,(anonymous_3)
FN:48,imageCompress
FN:49,(anonymous_5)
FN:55,(anonymous_6)
FN:57,(anonymous_7)
FN:65,(anonymous_8)
FN:70,(anonymous_9)
FN:79,(anonymous_10)
FNF:11
FNH:2
FNDA:0,canvasDataBase64
FNDA:0,(anonymous_1)
FNDA:0,canvasDataFile
FNDA:0,(anonymous_3)
FNDA:1,imageCompress
FNDA:1,(anonymous_5)
FNDA:0,(anonymous_6)
FNDA:0,(anonymous_7)
FNDA:0,(anonymous_8)
FNDA:0,(anonymous_9)
FNDA:0,(anonymous_10)
DA:1,1
DA:4,0
DA:5,0
DA:6,0
DA:9,0
DA:10,0
DA:11,0
DA:12,0
DA:13,0
DA:14,0
DA:15,0
DA:17,0
DA:18,0
DA:19,0
DA:20,0
DA:22,0
DA:23,0
DA:25,0
DA:27,0
DA:28,0
DA:33,0
DA:34,0
DA:35,0
DA:38,0
DA:39,0
DA:40,0
DA:41,0
DA:42,0
DA:43,0
DA:48,1
DA:49,1
DA:50,1
DA:51,1
DA:52,0
DA:53,0
DA:54,0
DA:55,0
DA:56,0
DA:57,0
DA:58,0
DA:59,0
DA:61,0
DA:65,0
DA:66,0
DA:68,0
DA:69,1
DA:70,0
DA:71,0
DA:72,0
DA:74,0
DA:79,0
DA:80,0
DA:81,0
DA:83,0
LF:54
LH:6
BRDA:3,0,0,0
BRDA:4,1,0,0
BRDA:4,1,1,0
BRDA:4,2,0,0
BRDA:4,2,1,0
BRDA:32,3,0,0
BRDA:33,4,0,0
BRDA:33,4,1,0
BRDA:33,5,0,0
BRDA:33,5,1,0
BRDA:41,6,0,0
BRDA:41,6,1,0
BRDA:50,7,0,1
BRDA:50,7,1,0
BRDA:51,8,0,0
BRDA:51,8,1,1
BRDA:58,9,0,0
BRDA:58,9,1,0
BRDA:69,10,0,0
BRDA:69,10,1,1
BRDA:71,11,0,0
BRDA:71,11,1,0
BRDA:80,12,0,0
BRDA:80,12,1,0
BRF:24
BRH:3
end_of_record
TN:
SF:src\utils\linkedStack.ts
FN:4,(anonymous_0)
FN:13,(anonymous_1)
FN:20,(anonymous_2)
FN:25,(anonymous_3)
FN:30,(anonymous_4)
FN:34,(anonymous_5)
FN:42,(anonymous_6)
FN:51,(anonymous_7)
FN:64,(anonymous_8)
FNF:9
FNH:0
FNDA:0,(anonymous_0)
FNDA:0,(anonymous_1)
FNDA:0,(anonymous_2)
FNDA:0,(anonymous_3)
FNDA:0,(anonymous_4)
FNDA:0,(anonymous_5)
FNDA:0,(anonymous_6)
FNDA:0,(anonymous_7)
FNDA:0,(anonymous_8)
DA:5,0
DA:6,0
DA:14,0
DA:21,0
DA:25,1
DA:26,0
DA:31,0
DA:35,0
DA:43,0
DA:44,0
DA:45,0
DA:47,0
DA:48,0
DA:52,0
DA:54,0
DA:55,0
DA:56,0
DA:57,0
DA:58,0
DA:60,0
DA:65,0
DA:66,0
LF:22
LH:1
BRDA:44,0,0,0
BRDA:44,0,1,0
BRDA:54,1,0,0
BRDA:54,1,1,0
BRF:4
BRH:0
end_of_record
TN:
SF:src\utils\phoneNumberFormat.ts
FN:7,phoneNumberFormatMethods
FN:15,phoneNumberFormat
FNF:2
FNH:2
FNDA:3,phoneNumberFormatMethods
FNDA:2,phoneNumberFormat
DA:8,3
DA:15,1
DA:16,2
DA:18,2
DA:19,1
DA:22,1
LF:6
LH:6
BRDA:8,0,0,1
BRDA:8,0,1,2
BRDA:18,1,0,1
BRDA:18,1,1,1
BRF:4
BRH:4
end_of_record
TN:
SF:src\utils\queue.ts
FN:6,(anonymous_0)
FN:11,(anonymous_1)
FN:15,(anonymous_2)
FN:23,(anonymous_3)
FN:34,(anonymous_4)
FN:41,(anonymous_5)
FNF:6
FNH:0
FNDA:0,(anonymous_0)
FNDA:0,(anonymous_1)
FNDA:0,(anonymous_2)
FNDA:0,(anonymous_3)
FNDA:0,(anonymous_4)
FNDA:0,(anonymous_5)
DA:1,1
DA:2,0
DA:7,0
DA:8,0
DA:12,0
DA:16,0
DA:24,0
DA:25,0
DA:28,0
DA:35,0
DA:42,0
LF:11
LH:1
BRDA:24,0,0,0
BRDA:24,0,1,0
BRF:2
BRH:0
end_of_record
TN:
SF:src\utils\quickSort.ts
FN:1,quickSort
FNF:1
FNH:0
FNDA:0,quickSort
DA:1,1
DA:3,0
DA:4,0
DA:7,0
DA:8,0
DA:9,0
DA:10,0
DA:12,0
DA:13,0
DA:15,0
DA:19,0
LF:11
LH:1
BRDA:3,0,0,0
BRDA:3,0,1,0
BRDA:12,1,0,0
BRDA:12,1,1,0
BRF:4
BRH:0
end_of_record
